[ 2016-10-22T00:34:12+08:00 ] ::1 /thinkphp/waterimage.php/Home/fileimagewater
INFO: [ app_init ] --START--
INFO: Run Behavior\BuildLiteBehavior [ RunTime:0.000019s ]
INFO: [ app_init ] --END-- [ RunTime:0.000416s ]
INFO: [ app_begin ] --START--
INFO: Run Behavior\ReadHtmlCacheBehavior [ RunTime:0.000453s ]
INFO: [ app_begin ] --END-- [ RunTime:0.000504s ]
ERR: 无法加载控制器:Fileimagewater

[ 2016-10-22T00:34:23+08:00 ] ::1 /thinkphp/waterimage.php/Home/FileImageWater
INFO: [ app_init ] --START--
INFO: Run Behavior\BuildLiteBehavior [ RunTime:0.000013s ]
INFO: [ app_init ] --END-- [ RunTime:0.000333s ]
INFO: [ app_begin ] --START--
INFO: Run Behavior\ReadHtmlCacheBehavior [ RunTime:0.000867s ]
INFO: [ app_begin ] --END-- [ RunTime:0.000966s ]
NOTIC: [8] Undefined index: code I:\softwarework\xampp\htdocs\thinkphp\AppWaterImage\Home\Controller\FileImageWaterController.class.php 第 35 行.
INFO: [ app_end ] --START--
INFO: Run Behavior\ShowPageTraceBehavior [ RunTime:0.000822s ]
INFO: [ app_end ] --END-- [ RunTime:0.000883s ]

[ 2016-10-22T00:34:31+08:00 ] ::1 /thinkphp/waterimage.php/Home/FileImageWater?CODE=POST
INFO: [ app_init ] --START--
INFO: Run Behavior\BuildLiteBehavior [ RunTime:0.000010s ]
INFO: [ app_init ] --END-- [ RunTime:0.000223s ]
INFO: [ app_begin ] --START--
INFO: Run Behavior\ReadHtmlCacheBehavior [ RunTime:0.000479s ]
INFO: [ app_begin ] --END-- [ RunTime:0.000529s ]
NOTIC: [8] Undefined index: code I:\softwarework\xampp\htdocs\thinkphp\AppWaterImage\Home\Controller\FileImageWaterController.class.php 第 35 行.
INFO: [ app_end ] --START--
INFO: Run Behavior\ShowPageTraceBehavior [ RunTime:0.000406s ]
INFO: [ app_end ] --END-- [ RunTime:0.000461s ]

[ 2016-10-22T00:40:05+08:00 ] ::1 /thinkphp/waterimage.php/Home/FileImageWater?code=postbird
INFO: [ app_init ] --START--
INFO: Run Behavior\BuildLiteBehavior [ RunTime:0.000015s ]
INFO: [ app_init ] --END-- [ RunTime:0.000256s ]
INFO: [ app_begin ] --START--
INFO: Run Behavior\ReadHtmlCacheBehavior [ RunTime:0.000286s ]
INFO: [ app_begin ] --END-- [ RunTime:0.000319s ]
NOTIC: [8] Undefined offset: 1 I:\softwarework\xampp\htdocs\thinkphp\AppWaterImage\Home\Controller\FileImageWaterController.class.php 第 91 行.
NOTIC: [8] Undefined offset: 1 I:\softwarework\xampp\htdocs\thinkphp\AppWaterImage\Home\Controller\FileImageWaterController.class.php 第 91 行.
NOTIC: [8] Undefined offset: 1 I:\softwarework\xampp\htdocs\thinkphp\AppWaterImage\Home\Controller\FileImageWaterController.class.php 第 91 行.
NOTIC: [8] Undefined offset: 1 I:\softwarework\xampp\htdocs\thinkphp\AppWaterImage\Home\Controller\FileImageWaterController.class.php 第 91 行.
NOTIC: [8] Undefined offset: 1 I:\softwarework\xampp\htdocs\thinkphp\AppWaterImage\Home\Controller\FileImageWaterController.class.php 第 91 行.
NOTIC: [8] Undefined offset: 1 I:\softwarework\xampp\htdocs\thinkphp\AppWaterImage\Home\Controller\FileImageWaterController.class.php 第 91 行.
NOTIC: [8] Undefined offset: 1 I:\softwarework\xampp\htdocs\thinkphp\AppWaterImage\Home\Controller\FileImageWaterController.class.php 第 91 行.
NOTIC: [8] Undefined offset: 1 I:\softwarework\xampp\htdocs\thinkphp\AppWaterImage\Home\Controller\FileImageWaterController.class.php 第 91 行.
NOTIC: [8] Undefined offset: 1 I:\softwarework\xampp\htdocs\thinkphp\AppWaterImage\Home\Controller\FileImageWaterController.class.php 第 91 行.
NOTIC: [8] Undefined offset: 1 I:\softwarework\xampp\htdocs\thinkphp\AppWaterImage\Home\Controller\FileImageWaterController.class.php 第 91 行.
NOTIC: [8] Undefined offset: 1 I:\softwarework\xampp\htdocs\thinkphp\AppWaterImage\Home\Controller\FileImageWaterController.class.php 第 91 行.
NOTIC: [8] Undefined offset: 1 I:\softwarework\xampp\htdocs\thinkphp\AppWaterImage\Home\Controller\FileImageWaterController.class.php 第 91 行.
NOTIC: [8] Undefined offset: 1 I:\softwarework\xampp\htdocs\thinkphp\AppWaterImage\Home\Controller\FileImageWaterController.class.php 第 91 行.
NOTIC: [8] Undefined offset: 1 I:\softwarework\xampp\htdocs\thinkphp\AppWaterImage\Home\Controller\FileImageWaterController.class.php 第 91 行.
NOTIC: [8] Undefined offset: 1 I:\softwarework\xampp\htdocs\thinkphp\AppWaterImage\Home\Controller\FileImageWaterController.class.php 第 91 行.
NOTIC: [8] Undefined offset: 1 I:\softwarework\xampp\htdocs\thinkphp\AppWaterImage\Home\Controller\FileImageWaterController.class.php 第 91 行.
NOTIC: [8] Undefined offset: 1 I:\softwarework\xampp\htdocs\thinkphp\AppWaterImage\Home\Controller\FileImageWaterController.class.php 第 91 行.
NOTIC: [8] Undefined offset: 1 I:\softwarework\xampp\htdocs\thinkphp\AppWaterImage\Home\Controller\FileImageWaterController.class.php 第 91 行.
NOTIC: [8] Undefined offset: 1 I:\softwarework\xampp\htdocs\thinkphp\AppWaterImage\Home\Controller\FileImageWaterController.class.php 第 91 行.
NOTIC: [8] Undefined offset: 1 I:\softwarework\xampp\htdocs\thinkphp\AppWaterImage\Home\Controller\FileImageWaterController.class.php 第 91 行.
NOTIC: [8] Undefined offset: 1 I:\softwarework\xampp\htdocs\thinkphp\AppWaterImage\Home\Controller\FileImageWaterController.class.php 第 91 行.
NOTIC: [8] Undefined offset: 1 I:\softwarework\xampp\htdocs\thinkphp\AppWaterImage\Home\Controller\FileImageWaterController.class.php 第 91 行.
NOTIC: [8] Undefined offset: 1 I:\softwarework\xampp\htdocs\thinkphp\AppWaterImage\Home\Controller\FileImageWaterController.class.php 第 91 行.
NOTIC: [8] Undefined offset: 1 I:\softwarework\xampp\htdocs\thinkphp\AppWaterImage\Home\Controller\FileImageWaterController.class.php 第 91 行.
NOTIC: [8] Undefined offset: 1 I:\softwarework\xampp\htdocs\thinkphp\AppWaterImage\Home\Controller\FileImageWaterController.class.php 第 91 行.
NOTIC: [8] Undefined offset: 1 I:\softwarework\xampp\htdocs\thinkphp\AppWaterImage\Home\Controller\FileImageWaterController.class.php 第 91 行.
NOTIC: [8] Undefined offset: 1 I:\softwarework\xampp\htdocs\thinkphp\AppWaterImage\Home\Controller\FileImageWaterController.class.php 第 91 行.
NOTIC: [8] Undefined offset: 1 I:\softwarework\xampp\htdocs\thinkphp\AppWaterImage\Home\Controller\FileImageWaterController.class.php 第 91 行.
NOTIC: [8] Undefined offset: 1 I:\softwarework\xampp\htdocs\thinkphp\AppWaterImage\Home\Controller\FileImageWaterController.class.php 第 91 行.
NOTIC: [8] Undefined offset: 1 I:\softwarework\xampp\htdocs\thinkphp\AppWaterImage\Home\Controller\FileImageWaterController.class.php 第 91 行.
NOTIC: [8] Undefined offset: 1 I:\softwarework\xampp\htdocs\thinkphp\AppWaterImage\Home\Controller\FileImageWaterController.class.php 第 91 行.
NOTIC: [8] Undefined offset: 1 I:\softwarework\xampp\htdocs\thinkphp\AppWaterImage\Home\Controller\FileImageWaterController.class.php 第 91 行.
NOTIC: [8] Undefined offset: 1 I:\softwarework\xampp\htdocs\thinkphp\AppWaterImage\Home\Controller\FileImageWaterController.class.php 第 91 行.
NOTIC: [8] Undefined offset: 1 I:\softwarework\xampp\htdocs\thinkphp\AppWaterImage\Home\Controller\FileImageWaterController.class.php 第 91 行.
NOTIC: [8] Undefined offset: 1 I:\softwarework\xampp\htdocs\thinkphp\AppWaterImage\Home\Controller\FileImageWaterController.class.php 第 91 行.
NOTIC: [8] Undefined offset: 1 I:\softwarework\xampp\htdocs\thinkphp\AppWaterImage\Home\Controller\FileImageWaterController.class.php 第 91 行.
NOTIC: [8] Undefined offset: 1 I:\softwarework\xampp\htdocs\thinkphp\AppWaterImage\Home\Controller\FileImageWaterController.class.php 第 91 行.
NOTIC: [8] Undefined offset: 1 I:\softwarework\xampp\htdocs\thinkphp\AppWaterImage\Home\Controller\FileImageWaterController.class.php 第 91 行.
NOTIC: [8] Undefined offset: 1 I:\softwarework\xampp\htdocs\thinkphp\AppWaterImage\Home\Controller\FileImageWaterController.class.php 第 91 行.
NOTIC: [8] Undefined offset: 1 I:\softwarework\xampp\htdocs\thinkphp\AppWaterImage\Home\Controller\FileImageWaterController.class.php 第 91 行.
NOTIC: [8] Undefined offset: 1 I:\softwarework\xampp\htdocs\thinkphp\AppWaterImage\Home\Controller\FileImageWaterController.class.php 第 91 行.
NOTIC: [8] Undefined offset: 1 I:\softwarework\xampp\htdocs\thinkphp\AppWaterImage\Home\Controller\FileImageWaterController.class.php 第 91 行.
NOTIC: [8] Undefined offset: 1 I:\softwarework\xampp\htdocs\thinkphp\AppWaterImage\Home\Controller\FileImageWaterController.class.php 第 91 行.
NOTIC: [8] Undefined offset: 1 I:\softwarework\xampp\htdocs\thinkphp\AppWaterImage\Home\Controller\FileImageWaterController.class.php 第 91 行.
NOTIC: [8] Undefined offset: 1 I:\softwarework\xampp\htdocs\thinkphp\AppWaterImage\Home\Controller\FileImageWaterController.class.php 第 91 行.
NOTIC: [8] Undefined offset: 1 I:\softwarework\xampp\htdocs\thinkphp\AppWaterImage\Home\Controller\FileImageWaterController.class.php 第 91 行.
NOTIC: [8] Undefined offset: 1 I:\softwarework\xampp\htdocs\thinkphp\AppWaterImage\Home\Controller\FileImageWaterController.class.php 第 91 行.
NOTIC: [8] Undefined offset: 1 I:\softwarework\xampp\htdocs\thinkphp\AppWaterImage\Home\Controller\FileImageWaterController.class.php 第 91 行.
NOTIC: [8] Undefined offset: 1 I:\softwarework\xampp\htdocs\thinkphp\AppWaterImage\Home\Controller\FileImageWaterController.class.php 第 91 行.
NOTIC: [8] Undefined offset: 1 I:\softwarework\xampp\htdocs\thinkphp\AppWaterImage\Home\Controller\FileImageWaterController.class.php 第 91 行.
NOTIC: [8] Undefined offset: 1 I:\softwarework\xampp\htdocs\thinkphp\AppWaterImage\Home\Controller\FileImageWaterController.class.php 第 91 行.
NOTIC: [8] Undefined offset: 1 I:\softwarework\xampp\htdocs\thinkphp\AppWaterImage\Home\Controller\FileImageWaterController.class.php 第 91 行.
NOTIC: [8] Undefined offset: 1 I:\softwarework\xampp\htdocs\thinkphp\AppWaterImage\Home\Controller\FileImageWaterController.class.php 第 91 行.
NOTIC: [8] Undefined offset: 1 I:\softwarework\xampp\htdocs\thinkphp\AppWaterImage\Home\Controller\FileImageWaterController.class.php 第 91 行.
NOTIC: [8] Undefined offset: 1 I:\softwarework\xampp\htdocs\thinkphp\AppWaterImage\Home\Controller\FileImageWaterController.class.php 第 91 行.
NOTIC: [8] Undefined offset: 1 I:\softwarework\xampp\htdocs\thinkphp\AppWaterImage\Home\Controller\FileImageWaterController.class.php 第 91 行.
NOTIC: [8] Undefined offset: 1 I:\softwarework\xampp\htdocs\thinkphp\AppWaterImage\Home\Controller\FileImageWaterController.class.php 第 91 行.
NOTIC: [8] Undefined offset: 1 I:\softwarework\xampp\htdocs\thinkphp\AppWaterImage\Home\Controller\FileImageWaterController.class.php 第 91 行.
NOTIC: [8] Undefined offset: 1 I:\softwarework\xampp\htdocs\thinkphp\AppWaterImage\Home\Controller\FileImageWaterController.class.php 第 91 行.
NOTIC: [8] Undefined offset: 1 I:\softwarework\xampp\htdocs\thinkphp\AppWaterImage\Home\Controller\FileImageWaterController.class.php 第 91 行.
NOTIC: [8] Undefined offset: 1 I:\softwarework\xampp\htdocs\thinkphp\AppWaterImage\Home\Controller\FileImageWaterController.class.php 第 91 行.
NOTIC: [8] Undefined offset: 1 I:\softwarework\xampp\htdocs\thinkphp\AppWaterImage\Home\Controller\FileImageWaterController.class.php 第 91 行.
NOTIC: [8] Undefined offset: 1 I:\softwarework\xampp\htdocs\thinkphp\AppWaterImage\Home\Controller\FileImageWaterController.class.php 第 91 行.
NOTIC: [8] Undefined offset: 1 I:\softwarework\xampp\htdocs\thinkphp\AppWaterImage\Home\Controller\FileImageWaterController.class.php 第 91 行.
NOTIC: [8] Undefined offset: 1 I:\softwarework\xampp\htdocs\thinkphp\AppWaterImage\Home\Controller\FileImageWaterController.class.php 第 91 行.
NOTIC: [8] Undefined offset: 1 I:\softwarework\xampp\htdocs\thinkphp\AppWaterImage\Home\Controller\FileImageWaterController.class.php 第 91 行.
NOTIC: [8] Undefined offset: 1 I:\softwarework\xampp\htdocs\thinkphp\AppWaterImage\Home\Controller\FileImageWaterController.class.php 第 91 行.
NOTIC: [8] Undefined offset: 1 I:\softwarework\xampp\htdocs\thinkphp\AppWaterImage\Home\Controller\FileImageWaterController.class.php 第 91 行.
NOTIC: [8] Undefined offset: 1 I:\softwarework\xampp\htdocs\thinkphp\AppWaterImage\Home\Controller\FileImageWaterController.class.php 第 91 行.
NOTIC: [8] Undefined offset: 1 I:\softwarework\xampp\htdocs\thinkphp\AppWaterImage\Home\Controller\FileImageWaterController.class.php 第 91 行.
NOTIC: [8] Undefined offset: 1 I:\softwarework\xampp\htdocs\thinkphp\AppWaterImage\Home\Controller\FileImageWaterController.class.php 第 91 行.
NOTIC: [8] Undefined offset: 1 I:\softwarework\xampp\htdocs\thinkphp\AppWaterImage\Home\Controller\FileImageWaterController.class.php 第 91 行.
NOTIC: [8] Undefined offset: 1 I:\softwarework\xampp\htdocs\thinkphp\AppWaterImage\Home\Controller\FileImageWaterController.class.php 第 91 行.
NOTIC: [8] Undefined offset: 1 I:\softwarework\xampp\htdocs\thinkphp\AppWaterImage\Home\Controller\FileImageWaterController.class.php 第 91 行.
NOTIC: [8] Undefined offset: 1 I:\softwarework\xampp\htdocs\thinkphp\AppWaterImage\Home\Controller\FileImageWaterController.class.php 第 91 行.
NOTIC: [8] Undefined offset: 1 I:\softwarework\xampp\htdocs\thinkphp\AppWaterImage\Home\Controller\FileImageWaterController.class.php 第 91 行.
NOTIC: [8] Undefined offset: 1 I:\softwarework\xampp\htdocs\thinkphp\AppWaterImage\Home\Controller\FileImageWaterController.class.php 第 91 行.
NOTIC: [8] Undefined offset: 1 I:\softwarework\xampp\htdocs\thinkphp\AppWaterImage\Home\Controller\FileImageWaterController.class.php 第 91 行.
NOTIC: [8] Undefined offset: 1 I:\softwarework\xampp\htdocs\thinkphp\AppWaterImage\Home\Controller\FileImageWaterController.class.php 第 91 行.
NOTIC: [8] Undefined offset: 1 I:\softwarework\xampp\htdocs\thinkphp\AppWaterImage\Home\Controller\FileImageWaterController.class.php 第 91 行.
NOTIC: [8] Undefined offset: 1 I:\softwarework\xampp\htdocs\thinkphp\AppWaterImage\Home\Controller\FileImageWaterController.class.php 第 91 行.
NOTIC: [8] Undefined offset: 1 I:\softwarework\xampp\htdocs\thinkphp\AppWaterImage\Home\Controller\FileImageWaterController.class.php 第 91 行.
NOTIC: [8] Undefined offset: 1 I:\softwarework\xampp\htdocs\thinkphp\AppWaterImage\Home\Controller\FileImageWaterController.class.php 第 91 行.
NOTIC: [8] Undefined offset: 1 I:\softwarework\xampp\htdocs\thinkphp\AppWaterImage\Home\Controller\FileImageWaterController.class.php 第 91 行.
NOTIC: [8] Undefined offset: 1 I:\softwarework\xampp\htdocs\thinkphp\AppWaterImage\Home\Controller\FileImageWaterController.class.php 第 91 行.
NOTIC: [8] Undefined offset: 1 I:\softwarework\xampp\htdocs\thinkphp\AppWaterImage\Home\Controller\FileImageWaterController.class.php 第 91 行.
NOTIC: [8] Undefined offset: 1 I:\softwarework\xampp\htdocs\thinkphp\AppWaterImage\Home\Controller\FileImageWaterController.class.php 第 91 行.
NOTIC: [8] Undefined offset: 1 I:\softwarework\xampp\htdocs\thinkphp\AppWaterImage\Home\Controller\FileImageWaterController.class.php 第 91 行.
NOTIC: [8] Undefined offset: 1 I:\softwarework\xampp\htdocs\thinkphp\AppWaterImage\Home\Controller\FileImageWaterController.class.php 第 91 行.
NOTIC: [8] Undefined offset: 1 I:\softwarework\xampp\htdocs\thinkphp\AppWaterImage\Home\Controller\FileImageWaterController.class.php 第 91 行.
NOTIC: [8] Undefined offset: 1 I:\softwarework\xampp\htdocs\thinkphp\AppWaterImage\Home\Controller\FileImageWaterController.class.php 第 91 行.
NOTIC: [8] Undefined offset: 1 I:\softwarework\xampp\htdocs\thinkphp\AppWaterImage\Home\Controller\FileImageWaterController.class.php 第 91 行.
NOTIC: [8] Undefined offset: 1 I:\softwarework\xampp\htdocs\thinkphp\AppWaterImage\Home\Controller\FileImageWaterController.class.php 第 91 行.
NOTIC: [8] Undefined offset: 1 I:\softwarework\xampp\htdocs\thinkphp\AppWaterImage\Home\Controller\FileImageWaterController.class.php 第 91 行.
NOTIC: [8] Undefined offset: 1 I:\softwarework\xampp\htdocs\thinkphp\AppWaterImage\Home\Controller\FileImageWaterController.class.php 第 91 行.
NOTIC: [8] Undefined offset: 1 I:\softwarework\xampp\htdocs\thinkphp\AppWaterImage\Home\Controller\FileImageWaterController.class.php 第 91 行.
NOTIC: [8] Undefined offset: 1 I:\softwarework\xampp\htdocs\thinkphp\AppWaterImage\Home\Controller\FileImageWaterController.class.php 第 91 行.
NOTIC: [8] Undefined offset: 1 I:\softwarework\xampp\htdocs\thinkphp\AppWaterImage\Home\Controller\FileImageWaterController.class.php 第 91 行.
NOTIC: [8] Undefined offset: 1 I:\softwarework\xampp\htdocs\thinkphp\AppWaterImage\Home\Controller\FileImageWaterController.class.php 第 91 行.
NOTIC: [8] Undefined offset: 1 I:\softwarework\xampp\htdocs\thinkphp\AppWaterImage\Home\Controller\FileImageWaterController.class.php 第 91 行.
NOTIC: [8] Undefined offset: 1 I:\softwarework\xampp\htdocs\thinkphp\AppWaterImage\Home\Controller\FileImageWaterController.class.php 第 91 行.
NOTIC: [8] Undefined offset: 1 I:\softwarework\xampp\htdocs\thinkphp\AppWaterImage\Home\Controller\FileImageWaterController.class.php 第 91 行.
NOTIC: [8] Undefined offset: 1 I:\softwarework\xampp\htdocs\thinkphp\AppWaterImage\Home\Controller\FileImageWaterController.class.php 第 91 行.
NOTIC: [8] Undefined offset: 1 I:\softwarework\xampp\htdocs\thinkphp\AppWaterImage\Home\Controller\FileImageWaterController.class.php 第 91 行.
NOTIC: [8] Undefined offset: 1 I:\softwarework\xampp\htdocs\thinkphp\AppWaterImage\Home\Controller\FileImageWaterController.class.php 第 91 行.
NOTIC: [8] Undefined offset: 1 I:\softwarework\xampp\htdocs\thinkphp\AppWaterImage\Home\Controller\FileImageWaterController.class.php 第 91 行.
NOTIC: [8] Undefined offset: 1 I:\softwarework\xampp\htdocs\thinkphp\AppWaterImage\Home\Controller\FileImageWaterController.class.php 第 91 行.
NOTIC: [8] Undefined offset: 1 I:\softwarework\xampp\htdocs\thinkphp\AppWaterImage\Home\Controller\FileImageWaterController.class.php 第 91 行.
NOTIC: [8] Undefined offset: 1 I:\softwarework\xampp\htdocs\thinkphp\AppWaterImage\Home\Controller\FileImageWaterController.class.php 第 91 行.
NOTIC: [8] Undefined offset: 1 I:\softwarework\xampp\htdocs\thinkphp\AppWaterImage\Home\Controller\FileImageWaterController.class.php 第 91 行.
NOTIC: [8] Undefined offset: 1 I:\softwarework\xampp\htdocs\thinkphp\AppWaterImage\Home\Controller\FileImageWaterController.class.php 第 91 行.
NOTIC: [8] Undefined offset: 1 I:\softwarework\xampp\htdocs\thinkphp\AppWaterImage\Home\Controller\FileImageWaterController.class.php 第 91 行.
NOTIC: [8] Undefined offset: 1 I:\softwarework\xampp\htdocs\thinkphp\AppWaterImage\Home\Controller\FileImageWaterController.class.php 第 91 行.
NOTIC: [8] Undefined offset: 1 I:\softwarework\xampp\htdocs\thinkphp\AppWaterImage\Home\Controller\FileImageWaterController.class.php 第 91 行.
NOTIC: [8] Undefined offset: 1 I:\softwarework\xampp\htdocs\thinkphp\AppWaterImage\Home\Controller\FileImageWaterController.class.php 第 91 行.
NOTIC: [8] Undefined offset: 1 I:\softwarework\xampp\htdocs\thinkphp\AppWaterImage\Home\Controller\FileImageWaterController.class.php 第 91 行.
NOTIC: [8] Undefined offset: 1 I:\softwarework\xampp\htdocs\thinkphp\AppWaterImage\Home\Controller\FileImageWaterController.class.php 第 91 行.
NOTIC: [8] Undefined offset: 1 I:\softwarework\xampp\htdocs\thinkphp\AppWaterImage\Home\Controller\FileImageWaterController.class.php 第 91 行.
NOTIC: [8] Undefined offset: 1 I:\softwarework\xampp\htdocs\thinkphp\AppWaterImage\Home\Controller\FileImageWaterController.class.php 第 91 行.
NOTIC: [8] Undefined offset: 1 I:\softwarework\xampp\htdocs\thinkphp\AppWaterImage\Home\Controller\FileImageWaterController.class.php 第 91 行.
NOTIC: [8] Undefined offset: 1 I:\softwarework\xampp\htdocs\thinkphp\AppWaterImage\Home\Controller\FileImageWaterController.class.php 第 91 行.
NOTIC: [8] Undefined offset: 1 I:\softwarework\xampp\htdocs\thinkphp\AppWaterImage\Home\Controller\FileImageWaterController.class.php 第 91 行.
NOTIC: [8] Undefined offset: 1 I:\softwarework\xampp\htdocs\thinkphp\AppWaterImage\Home\Controller\FileImageWaterController.class.php 第 91 行.
NOTIC: [8] Undefined offset: 1 I:\softwarework\xampp\htdocs\thinkphp\AppWaterImage\Home\Controller\FileImageWaterController.class.php 第 91 行.
NOTIC: [8] Undefined offset: 1 I:\softwarework\xampp\htdocs\thinkphp\AppWaterImage\Home\Controller\FileImageWaterController.class.php 第 91 行.
NOTIC: [8] Undefined offset: 1 I:\softwarework\xampp\htdocs\thinkphp\AppWaterImage\Home\Controller\FileImageWaterController.class.php 第 91 行.
NOTIC: [8] Undefined offset: 1 I:\softwarework\xampp\htdocs\thinkphp\AppWaterImage\Home\Controller\FileImageWaterController.class.php 第 91 行.
NOTIC: [8] Undefined offset: 1 I:\softwarework\xampp\htdocs\thinkphp\AppWaterImage\Home\Controller\FileImageWaterController.class.php 第 91 行.
NOTIC: [8] Undefined offset: 1 I:\softwarework\xampp\htdocs\thinkphp\AppWaterImage\Home\Controller\FileImageWaterController.class.php 第 91 行.
NOTIC: [8] Undefined offset: 1 I:\softwarework\xampp\htdocs\thinkphp\AppWaterImage\Home\Controller\FileImageWaterController.class.php 第 91 行.
NOTIC: [8] Undefined offset: 1 I:\softwarework\xampp\htdocs\thinkphp\AppWaterImage\Home\Controller\FileImageWaterController.class.php 第 91 行.
NOTIC: [8] Undefined offset: 1 I:\softwarework\xampp\htdocs\thinkphp\AppWaterImage\Home\Controller\FileImageWaterController.class.php 第 91 行.
NOTIC: [8] Undefined offset: 1 I:\softwarework\xampp\htdocs\thinkphp\AppWaterImage\Home\Controller\FileImageWaterController.class.php 第 91 行.
NOTIC: [8] Undefined offset: 1 I:\softwarework\xampp\htdocs\thinkphp\AppWaterImage\Home\Controller\FileImageWaterController.class.php 第 91 行.
NOTIC: [8] Undefined offset: 1 I:\softwarework\xampp\htdocs\thinkphp\AppWaterImage\Home\Controller\FileImageWaterController.class.php 第 91 行.
NOTIC: [8] Undefined offset: 1 I:\softwarework\xampp\htdocs\thinkphp\AppWaterImage\Home\Controller\FileImageWaterController.class.php 第 91 行.
NOTIC: [8] Undefined offset: 1 I:\softwarework\xampp\htdocs\thinkphp\AppWaterImage\Home\Controller\FileImageWaterController.class.php 第 91 行.
NOTIC: [8] Undefined offset: 1 I:\softwarework\xampp\htdocs\thinkphp\AppWaterImage\Home\Controller\FileImageWaterController.class.php 第 91 行.
NOTIC: [8] Undefined offset: 1 I:\softwarework\xampp\htdocs\thinkphp\AppWaterImage\Home\Controller\FileImageWaterController.class.php 第 91 行.
NOTIC: [8] Undefined offset: 1 I:\softwarework\xampp\htdocs\thinkphp\AppWaterImage\Home\Controller\FileImageWaterController.class.php 第 91 行.
NOTIC: [8] Undefined offset: 1 I:\softwarework\xampp\htdocs\thinkphp\AppWaterImage\Home\Controller\FileImageWaterController.class.php 第 91 行.
NOTIC: [8] Undefined offset: 1 I:\softwarework\xampp\htdocs\thinkphp\AppWaterImage\Home\Controller\FileImageWaterController.class.php 第 91 行.
NOTIC: [8] Undefined offset: 1 I:\softwarework\xampp\htdocs\thinkphp\AppWaterImage\Home\Controller\FileImageWaterController.class.php 第 91 行.
NOTIC: [8] Undefined offset: 1 I:\softwarework\xampp\htdocs\thinkphp\AppWaterImage\Home\Controller\FileImageWaterController.class.php 第 91 行.
NOTIC: [8] Undefined offset: 1 I:\softwarework\xampp\htdocs\thinkphp\AppWaterImage\Home\Controller\FileImageWaterController.class.php 第 91 行.
NOTIC: [8] Undefined offset: 1 I:\softwarework\xampp\htdocs\thinkphp\AppWaterImage\Home\Controller\FileImageWaterController.class.php 第 91 行.
NOTIC: [8] Undefined offset: 1 I:\softwarework\xampp\htdocs\thinkphp\AppWaterImage\Home\Controller\FileImageWaterController.class.php 第 91 行.
NOTIC: [8] Undefined offset: 1 I:\softwarework\xampp\htdocs\thinkphp\AppWaterImage\Home\Controller\FileImageWaterController.class.php 第 91 行.
NOTIC: [8] Undefined offset: 1 I:\softwarework\xampp\htdocs\thinkphp\AppWaterImage\Home\Controller\FileImageWaterController.class.php 第 91 行.
NOTIC: [8] Undefined offset: 1 I:\softwarework\xampp\htdocs\thinkphp\AppWaterImage\Home\Controller\FileImageWaterController.class.php 第 91 行.
NOTIC: [8] Undefined offset: 1 I:\softwarework\xampp\htdocs\thinkphp\AppWaterImage\Home\Controller\FileImageWaterController.class.php 第 91 行.
NOTIC: [8] Undefined offset: 1 I:\softwarework\xampp\htdocs\thinkphp\AppWaterImage\Home\Controller\FileImageWaterController.class.php 第 91 行.
NOTIC: [8] Undefined offset: 1 I:\softwarework\xampp\htdocs\thinkphp\AppWaterImage\Home\Controller\FileImageWaterController.class.php 第 91 行.
NOTIC: [8] Undefined offset: 1 I:\softwarework\xampp\htdocs\thinkphp\AppWaterImage\Home\Controller\FileImageWaterController.class.php 第 91 行.
NOTIC: [8] Undefined offset: 1 I:\softwarework\xampp\htdocs\thinkphp\AppWaterImage\Home\Controller\FileImageWaterController.class.php 第 91 行.
NOTIC: [8] Undefined offset: 1 I:\softwarework\xampp\htdocs\thinkphp\AppWaterImage\Home\Controller\FileImageWaterController.class.php 第 91 行.
NOTIC: [8] Undefined offset: 1 I:\softwarework\xampp\htdocs\thinkphp\AppWaterImage\Home\Controller\FileImageWaterController.class.php 第 91 行.
NOTIC: [8] Undefined offset: 1 I:\softwarework\xampp\htdocs\thinkphp\AppWaterImage\Home\Controller\FileImageWaterController.class.php 第 91 行.
NOTIC: [8] Undefined offset: 1 I:\softwarework\xampp\htdocs\thinkphp\AppWaterImage\Home\Controller\FileImageWaterController.class.php 第 91 行.
NOTIC: [8] Undefined offset: 1 I:\softwarework\xampp\htdocs\thinkphp\AppWaterImage\Home\Controller\FileImageWaterController.class.php 第 91 行.
NOTIC: [8] Undefined offset: 1 I:\softwarework\xampp\htdocs\thinkphp\AppWaterImage\Home\Controller\FileImageWaterController.class.php 第 91 行.
NOTIC: [8] Undefined offset: 1 I:\softwarework\xampp\htdocs\thinkphp\AppWaterImage\Home\Controller\FileImageWaterController.class.php 第 91 行.
NOTIC: [8] Undefined offset: 1 I:\softwarework\xampp\htdocs\thinkphp\AppWaterImage\Home\Controller\FileImageWaterController.class.php 第 91 行.
NOTIC: [8] Undefined offset: 1 I:\softwarework\xampp\htdocs\thinkphp\AppWaterImage\Home\Controller\FileImageWaterController.class.php 第 91 行.
NOTIC: [8] Undefined offset: 1 I:\softwarework\xampp\htdocs\thinkphp\AppWaterImage\Home\Controller\FileImageWaterController.class.php 第 91 行.
NOTIC: [8] Undefined offset: 1 I:\softwarework\xampp\htdocs\thinkphp\AppWaterImage\Home\Controller\FileImageWaterController.class.php 第 91 行.
NOTIC: [8] Undefined offset: 1 I:\softwarework\xampp\htdocs\thinkphp\AppWaterImage\Home\Controller\FileImageWaterController.class.php 第 91 行.
NOTIC: [8] Undefined offset: 1 I:\softwarework\xampp\htdocs\thinkphp\AppWaterImage\Home\Controller\FileImageWaterController.class.php 第 91 行.
NOTIC: [8] Undefined offset: 1 I:\softwarework\xampp\htdocs\thinkphp\AppWaterImage\Home\Controller\FileImageWaterController.class.php 第 91 行.
NOTIC: [8] Undefined offset: 1 I:\softwarework\xampp\htdocs\thinkphp\AppWaterImage\Home\Controller\FileImageWaterController.class.php 第 91 行.
NOTIC: [8] Undefined offset: 1 I:\softwarework\xampp\htdocs\thinkphp\AppWaterImage\Home\Controller\FileImageWaterController.class.php 第 91 行.
NOTIC: [8] Undefined offset: 1 I:\softwarework\xampp\htdocs\thinkphp\AppWaterImage\Home\Controller\FileImageWaterController.class.php 第 91 行.
NOTIC: [8] Undefined offset: 1 I:\softwarework\xampp\htdocs\thinkphp\AppWaterImage\Home\Controller\FileImageWaterController.class.php 第 91 行.
NOTIC: [8] Undefined offset: 1 I:\softwarework\xampp\htdocs\thinkphp\AppWaterImage\Home\Controller\FileImageWaterController.class.php 第 91 行.
NOTIC: [8] Undefined offset: 1 I:\softwarework\xampp\htdocs\thinkphp\AppWaterImage\Home\Controller\FileImageWaterController.class.php 第 91 行.
NOTIC: [8] Undefined offset: 1 I:\softwarework\xampp\htdocs\thinkphp\AppWaterImage\Home\Controller\FileImageWaterController.class.php 第 91 行.
NOTIC: [8] Undefined offset: 1 I:\softwarework\xampp\htdocs\thinkphp\AppWaterImage\Home\Controller\FileImageWaterController.class.php 第 91 行.
NOTIC: [8] Undefined offset: 1 I:\softwarework\xampp\htdocs\thinkphp\AppWaterImage\Home\Controller\FileImageWaterController.class.php 第 91 行.
NOTIC: [8] Undefined offset: 1 I:\softwarework\xampp\htdocs\thinkphp\AppWaterImage\Home\Controller\FileImageWaterController.class.php 第 91 行.
NOTIC: [8] Undefined offset: 1 I:\softwarework\xampp\htdocs\thinkphp\AppWaterImage\Home\Controller\FileImageWaterController.class.php 第 91 行.
NOTIC: [8] Undefined offset: 1 I:\softwarework\xampp\htdocs\thinkphp\AppWaterImage\Home\Controller\FileImageWaterController.class.php 第 91 行.
NOTIC: [8] Undefined offset: 1 I:\softwarework\xampp\htdocs\thinkphp\AppWaterImage\Home\Controller\FileImageWaterController.class.php 第 91 行.
NOTIC: [8] Undefined offset: 1 I:\softwarework\xampp\htdocs\thinkphp\AppWaterImage\Home\Controller\FileImageWaterController.class.php 第 91 行.
NOTIC: [8] Undefined offset: 1 I:\softwarework\xampp\htdocs\thinkphp\AppWaterImage\Home\Controller\FileImageWaterController.class.php 第 91 行.
NOTIC: [8] Undefined offset: 1 I:\softwarework\xampp\htdocs\thinkphp\AppWaterImage\Home\Controller\FileImageWaterController.class.php 第 91 行.
NOTIC: [8] Undefined offset: 1 I:\softwarework\xampp\htdocs\thinkphp\AppWaterImage\Home\Controller\FileImageWaterController.class.php 第 91 行.
NOTIC: [8] Undefined offset: 1 I:\softwarework\xampp\htdocs\thinkphp\AppWaterImage\Home\Controller\FileImageWaterController.class.php 第 91 行.
NOTIC: [8] Undefined offset: 1 I:\softwarework\xampp\htdocs\thinkphp\AppWaterImage\Home\Controller\FileImageWaterController.class.php 第 91 行.
NOTIC: [8] Undefined offset: 1 I:\softwarework\xampp\htdocs\thinkphp\AppWaterImage\Home\Controller\FileImageWaterController.class.php 第 91 行.
NOTIC: [8] Undefined offset: 1 I:\softwarework\xampp\htdocs\thinkphp\AppWaterImage\Home\Controller\FileImageWaterController.class.php 第 91 行.
NOTIC: [8] Undefined offset: 1 I:\softwarework\xampp\htdocs\thinkphp\AppWaterImage\Home\Controller\FileImageWaterController.class.php 第 91 行.
NOTIC: [8] Undefined offset: 1 I:\softwarework\xampp\htdocs\thinkphp\AppWaterImage\Home\Controller\FileImageWaterController.class.php 第 91 行.
NOTIC: [8] Undefined offset: 1 I:\softwarework\xampp\htdocs\thinkphp\AppWaterImage\Home\Controller\FileImageWaterController.class.php 第 91 行.
NOTIC: [8] Undefined offset: 1 I:\softwarework\xampp\htdocs\thinkphp\AppWaterImage\Home\Controller\FileImageWaterController.class.php 第 91 行.
NOTIC: [8] Undefined offset: 1 I:\softwarework\xampp\htdocs\thinkphp\AppWaterImage\Home\Controller\FileImageWaterController.class.php 第 91 行.
NOTIC: [8] Undefined offset: 1 I:\softwarework\xampp\htdocs\thinkphp\AppWaterImage\Home\Controller\FileImageWaterController.class.php 第 91 行.
NOTIC: [8] Undefined offset: 1 I:\softwarework\xampp\htdocs\thinkphp\AppWaterImage\Home\Controller\FileImageWaterController.class.php 第 91 行.
NOTIC: [8] Undefined offset: 1 I:\softwarework\xampp\htdocs\thinkphp\AppWaterImage\Home\Controller\FileImageWaterController.class.php 第 91 行.
NOTIC: [8] Undefined offset: 1 I:\softwarework\xampp\htdocs\thinkphp\AppWaterImage\Home\Controller\FileImageWaterController.class.php 第 91 行.
NOTIC: [8] Undefined offset: 1 I:\softwarework\xampp\htdocs\thinkphp\AppWaterImage\Home\Controller\FileImageWaterController.class.php 第 91 行.
NOTIC: [8] Undefined offset: 1 I:\softwarework\xampp\htdocs\thinkphp\AppWaterImage\Home\Controller\FileImageWaterController.class.php 第 91 行.
NOTIC: [8] Undefined offset: 1 I:\softwarework\xampp\htdocs\thinkphp\AppWaterImage\Home\Controller\FileImageWaterController.class.php 第 91 行.
NOTIC: [8] Undefined offset: 1 I:\softwarework\xampp\htdocs\thinkphp\AppWaterImage\Home\Controller\FileImageWaterController.class.php 第 91 行.
NOTIC: [8] Undefined offset: 1 I:\softwarework\xampp\htdocs\thinkphp\AppWaterImage\Home\Controller\FileImageWaterController.class.php 第 91 行.
NOTIC: [8] Undefined offset: 1 I:\softwarework\xampp\htdocs\thinkphp\AppWaterImage\Home\Controller\FileImageWaterController.class.php 第 91 行.
NOTIC: [8] Undefined offset: 1 I:\softwarework\xampp\htdocs\thinkphp\AppWaterImage\Home\Controller\FileImageWaterController.class.php 第 91 行.
NOTIC: [8] Undefined offset: 1 I:\softwarework\xampp\htdocs\thinkphp\AppWaterImage\Home\Controller\FileImageWaterController.class.php 第 91 行.
NOTIC: [8] Undefined offset: 1 I:\softwarework\xampp\htdocs\thinkphp\AppWaterImage\Home\Controller\FileImageWaterController.class.php 第 91 行.
NOTIC: [8] Undefined offset: 1 I:\softwarework\xampp\htdocs\thinkphp\AppWaterImage\Home\Controller\FileImageWaterController.class.php 第 91 行.
NOTIC: [8] Undefined offset: 1 I:\softwarework\xampp\htdocs\thinkphp\AppWaterImage\Home\Controller\FileImageWaterController.class.php 第 91 行.
NOTIC: [8] Undefined offset: 1 I:\softwarework\xampp\htdocs\thinkphp\AppWaterImage\Home\Controller\FileImageWaterController.class.php 第 91 行.
NOTIC: [8] Undefined offset: 1 I:\softwarework\xampp\htdocs\thinkphp\AppWaterImage\Home\Controller\FileImageWaterController.class.php 第 91 行.

